
ğŸ” JOB TRACKER ASSISTANT - COMPREHENSIVE UI TEST REPORT
======================================================================
ğŸ•’ Test Execution: 2025-09-29 11:21:43
ğŸ¯ Application: http://localhost:8501
ğŸ¥ Health Score: 82.4%

ğŸ“Š TEST SUMMARY:
â”€â”€â”€â”€â”€â”€â”€â”€â”€â”€â”€â”€â”€â”€â”€â”€â”€â”€â”€â”€â”€â”€â”€â”€â”€â”€â”€â”€â”€â”€
âœ… Passed Tests:  14
âš ï¸  Warnings:       1
âŒ Failed Tests:   2
ğŸ“‹ Total Tests:   17

ğŸ” DETAILED TEST RESULTS:
â”€â”€â”€â”€â”€â”€â”€â”€â”€â”€â”€â”€â”€â”€â”€â”€â”€â”€â”€â”€â”€â”€â”€â”€â”€â”€â”€â”€â”€â”€â”€â”€â”€â”€â”€â”€â”€â”€â”€â”€â”€â”€â”€â”€â”€â”€â”€â”€â”€â”€

ğŸ“‚ IMPORT TESTS:
   âœ… Import landing_page: Module landing_page imports successfully
   âœ… Import user_api_keys: Module user_api_keys imports successfully
   âœ… Import privacy_components: Module privacy_components imports successfully
   âœ… Import demo_controller: Module demo_controller imports successfully
   âœ… Import gmail_utils: Module gmail_utils imports successfully
   âœ… Import ai_email_classifier: Module ai_email_classifier imports successfully

ğŸ“‚ LANDING TESTS:
   âœ… Landing Page Functions: Landing page functions are available

ğŸ“‚ API TESTS:
   âœ… API Key Functions: API key management functions are available

ğŸ“‚ PRIVACY TESTS:
   âœ… Privacy Components: Privacy components are available

ğŸ“‚ DEMO TESTS:
   âŒ Demo Controller: Demo controller test failed: 2025-09-29 11:21:37.769 WARNING streamlit.runtime.scriptrunner_utils.script_run_context: Thread 'MainThread': missing ScriptRunContext! This warning can be ignored when running in bare mode.
2025-09-29 11:21:37.769 WARNING streamlit.runtime.state.session_state_proxy: Session state does not function when running a script without `streamlit run`
2025-09-29 11:21:37.769 WARNING streamlit.runtime.scriptrunner_utils.script_run_context: Thread 'MainThread': missing ScriptRunContext! This warning can be ignored when running in bare mode.
2025-09-29 11:21:37.769 WARNING streamlit.runtime.scriptrunner_utils.script_run_context: Thread 'MainThread': missing ScriptRunContext! This warning can be ignored when running in bare mode.
2025-09-29 11:21:37.769 WARNING streamlit.runtime.scriptrunner_utils.script_run_context: Thread 'MainThread': missing ScriptRunContext! This warning can be ignored when running in bare mode.
2025-09-29 11:21:37.769 WARNING streamlit.runtime.scriptrunner_utils.script_run_context: Thread 'MainThread': missing ScriptRunContext! This warning can be ignored when running in bare mode.
2025-09-29 11:21:37.769 WARNING streamlit.runtime.scriptrunner_utils.script_run_context: Thread 'MainThread': missing ScriptRunContext! This warning can be ignored when running in bare mode.
2025-09-29 11:21:37.769 WARNING streamlit.runtime.scriptrunner_utils.script_run_context: Thread 'MainThread': missing ScriptRunContext! This warning can be ignored when running in bare mode.
2025-09-29 11:21:37.769 WARNING streamlit.runtime.scriptrunner_utils.script_run_context: Thread 'MainThread': missing ScriptRunContext! This warning can be ignored when running in bare mode.
2025-09-29 11:21:37.769 WARNING streamlit.runtime.scriptrunner_utils.script_run_context: Thread 'MainThread': missing ScriptRunContext! This warning can be ignored when running in bare mode.
2025-09-29 11:21:37.769 WARNING streamlit.runtime.scriptrunner_utils.script_run_context: Thread 'MainThread': missing ScriptRunContext! This warning can be ignored when running in bare mode.
2025-09-29 11:21:37.769 WARNING streamlit.runtime.scriptrunner_utils.script_run_context: Thread 'MainThread': missing ScriptRunContext! This warning can be ignored when running in bare mode.
2025-09-29 11:21:37.769 WARNING streamlit.runtime.scriptrunner_utils.script_run_context: Thread 'MainThread': missing ScriptRunContext! This warning can be ignored when running in bare mode.
2025-09-29 11:21:37.769 WARNING streamlit.runtime.scriptrunner_utils.script_run_context: Thread 'MainThread': missing ScriptRunContext! This warning can be ignored when running in bare mode.
Traceback (most recent call last):
  File "<string>", line 6, in <module>
AttributeError: 'DemoController' object has no attribute 'demo_applications'


ğŸ“‚ DATABASE TESTS:
   âœ… Database Operations: Database operations work correctly

ğŸ“‚ APP TESTS:
   âœ… App Structure - Landing Page Import: Found from landing_page import
   âœ… App Structure - API Key Import: Found from user_api_keys import
   âœ… App Structure - Privacy Import: Found from privacy_components import
   âœ… App Structure - Landing Page Call: Found show_landing_page
   âš ï¸ App Structure - API Key Setup: Missing show_api_key_setup
   âŒ App Accessibility: Cannot connect to app: HTTPConnectionPool(host='localhost', port=8501): Max retries exceeded with url: / (Caused by NewConnectionError('<urllib3.connection.HTTPConnection object at 0x000002936F0A01D0>: Failed to establish a new connection: [WinError 10061] No connection could be made because the target machine actively refused it'))

â”€â”€â”€â”€â”€â”€â”€â”€â”€â”€â”€â”€â”€â”€â”€â”€â”€â”€â”€â”€â”€â”€â”€â”€â”€â”€â”€â”€â”€â”€â”€â”€â”€â”€â”€â”€â”€â”€â”€â”€â”€â”€â”€â”€â”€â”€â”€â”€â”€â”€
ğŸ¯ CRITICAL ANALYSIS:

âŒ CRITICAL ISSUES REQUIRING IMMEDIATE ATTENTION:
   ğŸš¨ Demo Controller: Demo controller test failed: 2025-09-29 11:21:37.769 WARNING streamlit.runtime.scriptrunner_utils.script_run_context: Thread 'MainThread': missing ScriptRunContext! This warning can be ignored when running in bare mode.
2025-09-29 11:21:37.769 WARNING streamlit.runtime.state.session_state_proxy: Session state does not function when running a script without `streamlit run`
2025-09-29 11:21:37.769 WARNING streamlit.runtime.scriptrunner_utils.script_run_context: Thread 'MainThread': missing ScriptRunContext! This warning can be ignored when running in bare mode.
2025-09-29 11:21:37.769 WARNING streamlit.runtime.scriptrunner_utils.script_run_context: Thread 'MainThread': missing ScriptRunContext! This warning can be ignored when running in bare mode.
2025-09-29 11:21:37.769 WARNING streamlit.runtime.scriptrunner_utils.script_run_context: Thread 'MainThread': missing ScriptRunContext! This warning can be ignored when running in bare mode.
2025-09-29 11:21:37.769 WARNING streamlit.runtime.scriptrunner_utils.script_run_context: Thread 'MainThread': missing ScriptRunContext! This warning can be ignored when running in bare mode.
2025-09-29 11:21:37.769 WARNING streamlit.runtime.scriptrunner_utils.script_run_context: Thread 'MainThread': missing ScriptRunContext! This warning can be ignored when running in bare mode.
2025-09-29 11:21:37.769 WARNING streamlit.runtime.scriptrunner_utils.script_run_context: Thread 'MainThread': missing ScriptRunContext! This warning can be ignored when running in bare mode.
2025-09-29 11:21:37.769 WARNING streamlit.runtime.scriptrunner_utils.script_run_context: Thread 'MainThread': missing ScriptRunContext! This warning can be ignored when running in bare mode.
2025-09-29 11:21:37.769 WARNING streamlit.runtime.scriptrunner_utils.script_run_context: Thread 'MainThread': missing ScriptRunContext! This warning can be ignored when running in bare mode.
2025-09-29 11:21:37.769 WARNING streamlit.runtime.scriptrunner_utils.script_run_context: Thread 'MainThread': missing ScriptRunContext! This warning can be ignored when running in bare mode.
2025-09-29 11:21:37.769 WARNING streamlit.runtime.scriptrunner_utils.script_run_context: Thread 'MainThread': missing ScriptRunContext! This warning can be ignored when running in bare mode.
2025-09-29 11:21:37.769 WARNING streamlit.runtime.scriptrunner_utils.script_run_context: Thread 'MainThread': missing ScriptRunContext! This warning can be ignored when running in bare mode.
2025-09-29 11:21:37.769 WARNING streamlit.runtime.scriptrunner_utils.script_run_context: Thread 'MainThread': missing ScriptRunContext! This warning can be ignored when running in bare mode.
Traceback (most recent call last):
  File "<string>", line 6, in <module>
AttributeError: 'DemoController' object has no attribute 'demo_applications'

   ğŸš¨ App Accessibility: Cannot connect to app: HTTPConnectionPool(host='localhost', port=8501): Max retries exceeded with url: / (Caused by NewConnectionError('<urllib3.connection.HTTPConnection object at 0x000002936F0A01D0>: Failed to establish a new connection: [WinError 10061] No connection could be made because the target machine actively refused it'))

âš ï¸  WARNINGS TO INVESTIGATE:
   ğŸ” App Structure - API Key Setup: Missing show_api_key_setup

â”€â”€â”€â”€â”€â”€â”€â”€â”€â”€â”€â”€â”€â”€â”€â”€â”€â”€â”€â”€â”€â”€â”€â”€â”€â”€â”€â”€â”€â”€â”€â”€â”€â”€â”€â”€â”€â”€â”€â”€â”€â”€â”€â”€â”€â”€â”€â”€â”€â”€
ğŸ’¡ RECOMMENDATIONS:

ğŸ‘ GOOD: Application is mostly functional with minor issues.

ğŸ”§ NEXT STEPS:
   1. Address critical failures first
   2. Review warnings for potential issues
   3. Re-run tests after fixes
